{"numTotalTestSuites":9,"numPassedTestSuites":6,"numFailedTestSuites":3,"numPendingTestSuites":0,"numTotalTests":11,"numPassedTests":6,"numFailedTests":1,"numPendingTests":4,"numTodoTests":0,"snapshot":{"added":0,"failure":false,"filesAdded":0,"filesRemoved":0,"filesRemovedList":[],"filesUnmatched":0,"filesUpdated":0,"matched":0,"total":0,"unchecked":0,"uncheckedKeysByFile":[],"unmatched":0,"updated":0,"didUpdate":false},"startTime":1770706934931,"success":false,"testResults":[{"assertionResults":[{"ancestorTitles":["VaultContext Integration"],"fullName":"VaultContext Integration should queue changes to outbox when offline","status":"failed","title":"should queue changes to outbox when offline","duration":59.99829999999997,"failureMessages":["AssertionError: expected [] to have a length of 1 but got +0\n    at Proxy.<anonymous> (file:///C:/Users/kondu/OneDrive/Desktop/B.TECH/6%20SEM/Software%20Engineering/FInal_Project/zero-vault-sprint-1/zero-vault-sprint-1/node_modules/@vitest/expect/dist/index.js:1322:20)\n    at Proxy.<anonymous> (file:///C:/Users/kondu/OneDrive/Desktop/B.TECH/6%20SEM/Software%20Engineering/FInal_Project/zero-vault-sprint-1/zero-vault-sprint-1/node_modules/@vitest/expect/dist/index.js:1090:14)\n    at Proxy.methodWrapper (file:///C:/Users/kondu/OneDrive/Desktop/B.TECH/6%20SEM/Software%20Engineering/FInal_Project/zero-vault-sprint-1/zero-vault-sprint-1/node_modules/chai/index.js:1700:25)\n    at C:/Users/kondu/OneDrive/Desktop/B.TECH/6 SEM/Software Engineering/FInal_Project/zero-vault-sprint-1/zero-vault-sprint-1/src/contexts/VaultContext.test.tsx:84:24\n    at file:///C:/Users/kondu/OneDrive/Desktop/B.TECH/6%20SEM/Software%20Engineering/FInal_Project/zero-vault-sprint-1/zero-vault-sprint-1/node_modules/@vitest/runner/dist/index.js:915:20"],"meta":{}}],"startTime":1770706936580,"endTime":1770706936639.9983,"status":"failed","message":"","name":"C:/Users/kondu/OneDrive/Desktop/B.TECH/6 SEM/Software Engineering/FInal_Project/zero-vault-sprint-1/zero-vault-sprint-1/src/contexts/VaultContext.test.tsx"},{"assertionResults":[{"ancestorTitles":["syncService","calculateDelta"],"fullName":"syncService calculateDelta should return empty delta when no changes","status":"passed","title":"should return empty delta when no changes","duration":2.7355999999999767,"failureMessages":[],"meta":{}},{"ancestorTitles":["syncService","calculateDelta"],"fullName":"syncService calculateDelta should detect updated entries (version > baseVersion)","status":"passed","title":"should detect updated entries (version > baseVersion)","duration":0.7617000000000189,"failureMessages":[],"meta":{}},{"ancestorTitles":["syncService","calculateDelta"],"fullName":"syncService calculateDelta should include tombstones in updated array","status":"passed","title":"should include tombstones in updated array","duration":0.5617999999999483,"failureMessages":[],"meta":{}},{"ancestorTitles":["syncService","resolveConflicts"],"fullName":"syncService resolveConflicts should merge server additions","status":"passed","title":"should merge server additions","duration":0.4902999999999338,"failureMessages":[],"meta":{}},{"ancestorTitles":["syncService","resolveConflicts"],"fullName":"syncService resolveConflicts should resolve update conflict using Last Writer Wins (Server Wins)","status":"passed","title":"should resolve update conflict using Last Writer Wins (Server Wins)","duration":1.2135000000000673,"failureMessages":[],"meta":{}},{"ancestorTitles":["syncService","resolveConflicts"],"fullName":"syncService resolveConflicts should resolve update conflict using Last Writer Wins (Local Wins)","status":"passed","title":"should resolve update conflict using Last Writer Wins (Local Wins)","duration":0.27860000000009677,"failureMessages":[],"meta":{}}],"startTime":1770706936129,"endTime":1770706936135.2786,"status":"passed","message":"","name":"C:/Users/kondu/OneDrive/Desktop/B.TECH/6 SEM/Software Engineering/FInal_Project/zero-vault-sprint-1/zero-vault-sprint-1/src/services/sync.service.test.ts"},{"assertionResults":[{"ancestorTitles":["Vault Sync API","POST /api/vault/sync"],"fullName":"Vault Sync API POST /api/vault/sync should accept update when baseVersion matches serverVersion","status":"skipped","title":"should accept update when baseVersion matches serverVersion","failureMessages":[],"meta":{}},{"ancestorTitles":["Vault Sync API","POST /api/vault/sync"],"fullName":"Vault Sync API POST /api/vault/sync should return 409 Conflict when baseVersion != serverVersion","status":"skipped","title":"should return 409 Conflict when baseVersion != serverVersion","failureMessages":[],"meta":{}},{"ancestorTitles":["Vault Sync API","POST /api/vault/sync"],"fullName":"Vault Sync API POST /api/vault/sync should handle Deduplication / Idempotency (same eventId)","status":"skipped","title":"should handle Deduplication / Idempotency (same eventId)","failureMessages":[],"meta":{}},{"ancestorTitles":["Vault Sync API","POST /api/vault/sync"],"fullName":"Vault Sync API POST /api/vault/sync should handle Tombstone Delete (isDeleted=true update)","status":"skipped","title":"should handle Tombstone Delete (isDeleted=true update)","failureMessages":[],"meta":{}}],"startTime":1770706934931,"endTime":1770706934931,"status":"failed","message":"Hook timed out in 10000ms.\nIf this is a long-running hook, pass a timeout value as the last argument or configure it globally with \"hookTimeout\".","name":"C:/Users/kondu/OneDrive/Desktop/B.TECH/6 SEM/Software Engineering/FInal_Project/zero-vault-sprint-1/zero-vault-sprint-1/server/src/routes/vault.test.ts"}]}