{"numFailedTestSuites":0,"numFailedTests":0,"numPassedTestSuites":1,"numPassedTests":4,"numPendingTestSuites":0,"numPendingTests":0,"numRuntimeErrorTestSuites":0,"numTodoTests":0,"numTotalTestSuites":1,"numTotalTests":4,"openHandles":[],"snapshot":{"added":0,"didUpdate":false,"failure":false,"filesAdded":0,"filesRemoved":0,"filesRemovedList":[],"filesUnmatched":0,"filesUpdated":0,"matched":0,"total":0,"unchecked":0,"uncheckedKeysByFile":[],"unmatched":0,"updated":0},"startTime":1770707047483,"success":true,"testResults":[{"assertionResults":[{"ancestorTitles":["Vault Sync API","POST /api/vault/sync"],"duration":127,"failing":false,"failureDetails":[],"failureMessages":[],"fullName":"Vault Sync API POST /api/vault/sync should accept update when baseVersion matches serverVersion","invocations":1,"location":null,"numPassingAsserts":5,"retryReasons":[],"startAt":1770707054531,"status":"passed","title":"should accept update when baseVersion matches serverVersion"},{"ancestorTitles":["Vault Sync API","POST /api/vault/sync"],"duration":24,"failing":false,"failureDetails":[],"failureMessages":[],"fullName":"Vault Sync API POST /api/vault/sync should return 409 Conflict when baseVersion != serverVersion","invocations":1,"location":null,"numPassingAsserts":4,"retryReasons":[],"startAt":1770707054660,"status":"passed","title":"should return 409 Conflict when baseVersion != serverVersion"},{"ancestorTitles":["Vault Sync API","POST /api/vault/sync"],"duration":26,"failing":false,"failureDetails":[],"failureMessages":[],"fullName":"Vault Sync API POST /api/vault/sync should handle Deduplication / Idempotency (same eventId)","invocations":1,"location":null,"numPassingAsserts":2,"retryReasons":[],"startAt":1770707054685,"status":"passed","title":"should handle Deduplication / Idempotency (same eventId)"},{"ancestorTitles":["Vault Sync API","POST /api/vault/sync"],"duration":20,"failing":false,"failureDetails":[],"failureMessages":[],"fullName":"Vault Sync API POST /api/vault/sync should handle Tombstone Delete (isDeleted=true update)","invocations":1,"location":null,"numPassingAsserts":3,"retryReasons":[],"startAt":1770707054712,"status":"passed","title":"should handle Tombstone Delete (isDeleted=true update)"}],"endTime":1770707054933,"message":"","name":"C:\\Users\\kondu\\OneDrive\\Desktop\\B.TECH\\6 SEM\\Software Engineering\\FInal_Project\\zero-vault-sprint-1\\zero-vault-sprint-1\\server\\src\\routes\\vault.test.ts","startTime":1770707047864,"status":"passed","summary":""}],"wasInterrupted":false}
