{"numFailedTestSuites":1,"numFailedTests":4,"numPassedTestSuites":0,"numPassedTests":0,"numPendingTestSuites":0,"numPendingTests":0,"numRuntimeErrorTestSuites":0,"numTodoTests":0,"numTotalTestSuites":1,"numTotalTests":4,"openHandles":[],"snapshot":{"added":0,"didUpdate":false,"failure":false,"filesAdded":0,"filesRemoved":0,"filesRemovedList":[],"filesUnmatched":0,"filesUpdated":0,"matched":0,"total":0,"unchecked":0,"uncheckedKeysByFile":[],"unmatched":0,"updated":0},"startTime":1770706871160,"success":false,"testResults":[{"assertionResults":[{"ancestorTitles":["Vault Sync API","POST /api/vault/sync"],"duration":120,"failing":false,"failureDetails":[{"matcherResult":{"actual":401,"expected":200,"message":"\u001b[2mexpect(\u001b[22m\u001b[31mreceived\u001b[39m\u001b[2m).\u001b[22mtoBe\u001b[2m(\u001b[22m\u001b[32mexpected\u001b[39m\u001b[2m) // Object.is equality\u001b[22m\n\nExpected: \u001b[32m200\u001b[39m\nReceived: \u001b[31m401\u001b[39m","name":"toBe","pass":false}}],"failureMessages":["Error: \u001b[2mexpect(\u001b[22m\u001b[31mreceived\u001b[39m\u001b[2m).\u001b[22mtoBe\u001b[2m(\u001b[22m\u001b[32mexpected\u001b[39m\u001b[2m) // Object.is equality\u001b[22m\n\nExpected: \u001b[32m200\u001b[39m\nReceived: \u001b[31m401\u001b[39m\n    at Object.<anonymous> (C:\\Users\\kondu\\OneDrive\\Desktop\\B.TECH\\6 SEM\\Software Engineering\\FInal_Project\\zero-vault-sprint-1\\zero-vault-sprint-1\\server\\src\\routes\\vault.test.ts:58:37)\n    at processTicksAndRejections (node:internal/process/task_queues:95:5)"],"fullName":"Vault Sync API POST /api/vault/sync should accept update when baseVersion matches serverVersion","invocations":1,"location":null,"numPassingAsserts":0,"retryReasons":[],"startAt":1770706879615,"status":"failed","title":"should accept update when baseVersion matches serverVersion"},{"ancestorTitles":["Vault Sync API","POST /api/vault/sync"],"duration":14,"failing":false,"failureDetails":[{"matcherResult":{"actual":401,"expected":409,"message":"\u001b[2mexpect(\u001b[22m\u001b[31mreceived\u001b[39m\u001b[2m).\u001b[22mtoBe\u001b[2m(\u001b[22m\u001b[32mexpected\u001b[39m\u001b[2m) // Object.is equality\u001b[22m\n\nExpected: \u001b[32m409\u001b[39m\nReceived: \u001b[31m401\u001b[39m","name":"toBe","pass":false}}],"failureMessages":["Error: \u001b[2mexpect(\u001b[22m\u001b[31mreceived\u001b[39m\u001b[2m).\u001b[22mtoBe\u001b[2m(\u001b[22m\u001b[32mexpected\u001b[39m\u001b[2m) // Object.is equality\u001b[22m\n\nExpected: \u001b[32m409\u001b[39m\nReceived: \u001b[31m401\u001b[39m\n    at Object.<anonymous> (C:\\Users\\kondu\\OneDrive\\Desktop\\B.TECH\\6 SEM\\Software Engineering\\FInal_Project\\zero-vault-sprint-1\\zero-vault-sprint-1\\server\\src\\routes\\vault.test.ts:90:37)\n    at processTicksAndRejections (node:internal/process/task_queues:95:5)"],"fullName":"Vault Sync API POST /api/vault/sync should return 409 Conflict when baseVersion != serverVersion","invocations":1,"location":null,"numPassingAsserts":0,"retryReasons":[],"startAt":1770706879743,"status":"failed","title":"should return 409 Conflict when baseVersion != serverVersion"},{"ancestorTitles":["Vault Sync API","POST /api/vault/sync"],"duration":14,"failing":false,"failureDetails":[{"matcherResult":{"actual":401,"expected":200,"message":"\u001b[2mexpect(\u001b[22m\u001b[31mreceived\u001b[39m\u001b[2m).\u001b[22mtoBe\u001b[2m(\u001b[22m\u001b[32mexpected\u001b[39m\u001b[2m) // Object.is equality\u001b[22m\n\nExpected: \u001b[32m200\u001b[39m\nReceived: \u001b[31m401\u001b[39m","name":"toBe","pass":false}}],"failureMessages":["Error: \u001b[2mexpect(\u001b[22m\u001b[31mreceived\u001b[39m\u001b[2m).\u001b[22mtoBe\u001b[2m(\u001b[22m\u001b[32mexpected\u001b[39m\u001b[2m) // Object.is equality\u001b[22m\n\nExpected: \u001b[32m200\u001b[39m\nReceived: \u001b[31m401\u001b[39m\n    at Object.<anonymous> (C:\\Users\\kondu\\OneDrive\\Desktop\\B.TECH\\6 SEM\\Software Engineering\\FInal_Project\\zero-vault-sprint-1\\zero-vault-sprint-1\\server\\src\\routes\\vault.test.ts:123:33)\n    at processTicksAndRejections (node:internal/process/task_queues:95:5)"],"fullName":"Vault Sync API POST /api/vault/sync should handle Deduplication / Idempotency (same eventId)","invocations":1,"location":null,"numPassingAsserts":0,"retryReasons":[],"startAt":1770706879758,"status":"failed","title":"should handle Deduplication / Idempotency (same eventId)"},{"ancestorTitles":["Vault Sync API","POST /api/vault/sync"],"duration":12,"failing":false,"failureDetails":[{"matcherResult":{"actual":401,"expected":200,"message":"\u001b[2mexpect(\u001b[22m\u001b[31mreceived\u001b[39m\u001b[2m).\u001b[22mtoBe\u001b[2m(\u001b[22m\u001b[32mexpected\u001b[39m\u001b[2m) // Object.is equality\u001b[22m\n\nExpected: \u001b[32m200\u001b[39m\nReceived: \u001b[31m401\u001b[39m","name":"toBe","pass":false}}],"failureMessages":["Error: \u001b[2mexpect(\u001b[22m\u001b[31mreceived\u001b[39m\u001b[2m).\u001b[22mtoBe\u001b[2m(\u001b[22m\u001b[32mexpected\u001b[39m\u001b[2m) // Object.is equality\u001b[22m\n\nExpected: \u001b[32m200\u001b[39m\nReceived: \u001b[31m401\u001b[39m\n    at Object.<anonymous> (C:\\Users\\kondu\\OneDrive\\Desktop\\B.TECH\\6 SEM\\Software Engineering\\FInal_Project\\zero-vault-sprint-1\\zero-vault-sprint-1\\server\\src\\routes\\vault.test.ts:157:37)\n    at processTicksAndRejections (node:internal/process/task_queues:95:5)"],"fullName":"Vault Sync API POST /api/vault/sync should handle Tombstone Delete (isDeleted=true update)","invocations":1,"location":null,"numPassingAsserts":0,"retryReasons":[],"startAt":1770706879773,"status":"failed","title":"should handle Tombstone Delete (isDeleted=true update)"}],"endTime":1770706879933,"message":"\u001b[1m\u001b[31m  \u001b[1m● \u001b[22m\u001b[1mVault Sync API › POST /api/vault/sync › should accept update when baseVersion matches serverVersion\u001b[39m\u001b[22m\n\n    \u001b[2mexpect(\u001b[22m\u001b[31mreceived\u001b[39m\u001b[2m).\u001b[22mtoBe\u001b[2m(\u001b[22m\u001b[32mexpected\u001b[39m\u001b[2m) // Object.is equality\u001b[22m\n\n    Expected: \u001b[32m200\u001b[39m\n    Received: \u001b[31m401\u001b[39m\n\u001b[2m\u001b[22m\n\u001b[2m    \u001b[0m \u001b[90m 56 |\u001b[39m                 \u001b[33m.\u001b[39msend(delta)\u001b[33m;\u001b[39m\u001b[22m\n\u001b[2m     \u001b[90m 57 |\u001b[39m\u001b[22m\n\u001b[2m    \u001b[31m\u001b[1m>\u001b[22m\u001b[2m\u001b[39m\u001b[90m 58 |\u001b[39m             expect(response\u001b[33m.\u001b[39mstatus)\u001b[33m.\u001b[39mtoBe(\u001b[35m200\u001b[39m)\u001b[33m;\u001b[39m\u001b[22m\n\u001b[2m     \u001b[90m    |\u001b[39m                                     \u001b[31m\u001b[1m^\u001b[22m\u001b[2m\u001b[39m\u001b[22m\n\u001b[2m     \u001b[90m 59 |\u001b[39m             expect(response\u001b[33m.\u001b[39mbody\u001b[33m.\u001b[39msuccess)\u001b[33m.\u001b[39mtoBe(\u001b[36mtrue\u001b[39m)\u001b[33m;\u001b[39m\u001b[22m\n\u001b[2m     \u001b[90m 60 |\u001b[39m             expect(response\u001b[33m.\u001b[39mbody\u001b[33m.\u001b[39mvaultVersion)\u001b[33m.\u001b[39mtoBe(\u001b[35m2\u001b[39m)\u001b[33m;\u001b[39m\u001b[22m\n\u001b[2m     \u001b[90m 61 |\u001b[39m\u001b[0m\u001b[22m\n\u001b[2m\u001b[22m\n\u001b[2m      \u001b[2mat Object.<anonymous> (\u001b[22m\u001b[2m\u001b[0m\u001b[36msrc/routes/vault.test.ts\u001b[39m\u001b[0m\u001b[2m:58:37)\u001b[22m\u001b[2m\u001b[22m\n\n\u001b[1m\u001b[31m  \u001b[1m● \u001b[22m\u001b[1mVault Sync API › POST /api/vault/sync › should return 409 Conflict when baseVersion != serverVersion\u001b[39m\u001b[22m\n\n    \u001b[2mexpect(\u001b[22m\u001b[31mreceived\u001b[39m\u001b[2m).\u001b[22mtoBe\u001b[2m(\u001b[22m\u001b[32mexpected\u001b[39m\u001b[2m) // Object.is equality\u001b[22m\n\n    Expected: \u001b[32m409\u001b[39m\n    Received: \u001b[31m401\u001b[39m\n\u001b[2m\u001b[22m\n\u001b[2m    \u001b[0m \u001b[90m 88 |\u001b[39m                 \u001b[33m.\u001b[39msend(delta)\u001b[33m;\u001b[39m\u001b[22m\n\u001b[2m     \u001b[90m 89 |\u001b[39m\u001b[22m\n\u001b[2m    \u001b[31m\u001b[1m>\u001b[22m\u001b[2m\u001b[39m\u001b[90m 90 |\u001b[39m             expect(response\u001b[33m.\u001b[39mstatus)\u001b[33m.\u001b[39mtoBe(\u001b[35m409\u001b[39m)\u001b[33m;\u001b[39m\u001b[22m\n\u001b[2m     \u001b[90m    |\u001b[39m                                     \u001b[31m\u001b[1m^\u001b[22m\u001b[2m\u001b[39m\u001b[22m\n\u001b[2m     \u001b[90m 91 |\u001b[39m             expect(response\u001b[33m.\u001b[39mbody\u001b[33m.\u001b[39merror)\u001b[33m.\u001b[39mtoBe(\u001b[32m'Sync Conflict'\u001b[39m)\u001b[33m;\u001b[39m\u001b[22m\n\u001b[2m     \u001b[90m 92 |\u001b[39m             expect(response\u001b[33m.\u001b[39mbody\u001b[33m.\u001b[39mserver_base_version)\u001b[33m.\u001b[39mtoBe(\u001b[35m10\u001b[39m)\u001b[33m;\u001b[39m\u001b[22m\n\u001b[2m     \u001b[90m 93 |\u001b[39m             expect(response\u001b[33m.\u001b[39mbody\u001b[33m.\u001b[39mentries)\u001b[33m.\u001b[39mtoBeDefined()\u001b[33m;\u001b[39m \u001b[90m// Should return current server state\u001b[39m\u001b[0m\u001b[22m\n\u001b[2m\u001b[22m\n\u001b[2m      \u001b[2mat Object.<anonymous> (\u001b[22m\u001b[2m\u001b[0m\u001b[36msrc/routes/vault.test.ts\u001b[39m\u001b[0m\u001b[2m:90:37)\u001b[22m\u001b[2m\u001b[22m\n\n\u001b[1m\u001b[31m  \u001b[1m● \u001b[22m\u001b[1mVault Sync API › POST /api/vault/sync › should handle Deduplication / Idempotency (same eventId)\u001b[39m\u001b[22m\n\n    \u001b[2mexpect(\u001b[22m\u001b[31mreceived\u001b[39m\u001b[2m).\u001b[22mtoBe\u001b[2m(\u001b[22m\u001b[32mexpected\u001b[39m\u001b[2m) // Object.is equality\u001b[22m\n\n    Expected: \u001b[32m200\u001b[39m\n    Received: \u001b[31m401\u001b[39m\n\u001b[2m\u001b[22m\n\u001b[2m    \u001b[0m \u001b[90m 121 |\u001b[39m                 \u001b[33m.\u001b[39m\u001b[36mset\u001b[39m(\u001b[32m'Authorization'\u001b[39m\u001b[33m,\u001b[39m \u001b[32m`Bearer ${token}`\u001b[39m)\u001b[22m\n\u001b[2m     \u001b[90m 122 |\u001b[39m                 \u001b[33m.\u001b[39msend(delta)\u001b[33m;\u001b[39m\u001b[22m\n\u001b[2m    \u001b[31m\u001b[1m>\u001b[22m\u001b[2m\u001b[39m\u001b[90m 123 |\u001b[39m             expect(res1\u001b[33m.\u001b[39mstatus)\u001b[33m.\u001b[39mtoBe(\u001b[35m200\u001b[39m)\u001b[33m;\u001b[39m\u001b[22m\n\u001b[2m     \u001b[90m     |\u001b[39m                                 \u001b[31m\u001b[1m^\u001b[22m\u001b[2m\u001b[39m\u001b[22m\n\u001b[2m     \u001b[90m 124 |\u001b[39m\u001b[22m\n\u001b[2m     \u001b[90m 125 |\u001b[39m             \u001b[90m// Second request (same payload)\u001b[39m\u001b[22m\n\u001b[2m     \u001b[90m 126 |\u001b[39m             \u001b[36mconst\u001b[39m res2 \u001b[33m=\u001b[39m \u001b[36mawait\u001b[39m request(app)\u001b[0m\u001b[22m\n\u001b[2m\u001b[22m\n\u001b[2m      \u001b[2mat Object.<anonymous> (\u001b[22m\u001b[2m\u001b[0m\u001b[36msrc/routes/vault.test.ts\u001b[39m\u001b[0m\u001b[2m:123:33)\u001b[22m\u001b[2m\u001b[22m\n\n\u001b[1m\u001b[31m  \u001b[1m● \u001b[22m\u001b[1mVault Sync API › POST /api/vault/sync › should handle Tombstone Delete (isDeleted=true update)\u001b[39m\u001b[22m\n\n    \u001b[2mexpect(\u001b[22m\u001b[31mreceived\u001b[39m\u001b[2m).\u001b[22mtoBe\u001b[2m(\u001b[22m\u001b[32mexpected\u001b[39m\u001b[2m) // Object.is equality\u001b[22m\n\n    Expected: \u001b[32m200\u001b[39m\n    Received: \u001b[31m401\u001b[39m\n\u001b[2m\u001b[22m\n\u001b[2m    \u001b[0m \u001b[90m 155 |\u001b[39m                 \u001b[33m.\u001b[39msend(delta)\u001b[33m;\u001b[39m\u001b[22m\n\u001b[2m     \u001b[90m 156 |\u001b[39m\u001b[22m\n\u001b[2m    \u001b[31m\u001b[1m>\u001b[22m\u001b[2m\u001b[39m\u001b[90m 157 |\u001b[39m             expect(response\u001b[33m.\u001b[39mstatus)\u001b[33m.\u001b[39mtoBe(\u001b[35m200\u001b[39m)\u001b[33m;\u001b[39m\u001b[22m\n\u001b[2m     \u001b[90m     |\u001b[39m                                     \u001b[31m\u001b[1m^\u001b[22m\u001b[2m\u001b[39m\u001b[22m\n\u001b[2m     \u001b[90m 158 |\u001b[39m\u001b[22m\n\u001b[2m     \u001b[90m 159 |\u001b[39m             \u001b[36mconst\u001b[39m updatedVault \u001b[33m=\u001b[39m \u001b[36mawait\u001b[39m \u001b[33mVault\u001b[39m\u001b[33m.\u001b[39mfindOne({ userId })\u001b[33m;\u001b[39m\u001b[22m\n\u001b[2m     \u001b[90m 160 |\u001b[39m             \u001b[36mconst\u001b[39m entry \u001b[33m=\u001b[39m updatedVault\u001b[33m?\u001b[39m\u001b[33m.\u001b[39mencryptedEntries\u001b[33m.\u001b[39mfind(e \u001b[33m=>\u001b[39m e\u001b[33m.\u001b[39mid \u001b[33m===\u001b[39m \u001b[35m123\u001b[39m)\u001b[33m;\u001b[39m\u001b[0m\u001b[22m\n\u001b[2m\u001b[22m\n\u001b[2m      \u001b[2mat Object.<anonymous> (\u001b[22m\u001b[2m\u001b[0m\u001b[36msrc/routes/vault.test.ts\u001b[39m\u001b[0m\u001b[2m:157:37)\u001b[22m\u001b[2m\u001b[22m\n","name":"C:\\Users\\kondu\\OneDrive\\Desktop\\B.TECH\\6 SEM\\Software Engineering\\FInal_Project\\zero-vault-sprint-1\\zero-vault-sprint-1\\server\\src\\routes\\vault.test.ts","startTime":1770706871556,"status":"failed","summary":""}],"wasInterrupted":false}
